android/app/build/intermediates/manifest_merge_blame_file/release/manifest-merger-blame-release-report.txt
1<?xml version="1.0" encoding="utf-8"?>
2<manifest xmlns:android="http://schemas.android.com/apk/res/android"
3    package="com.projeka"
4    android:versionCode="1"
5    android:versionName="1.0" >
6
7    <uses-sdk
8        android:minSdkVersion="16"
8-->src\main\AndroidManifest.xml
9        android:targetSdkVersion="28" />
9-->src\main\AndroidManifest.xml
10
11    <uses-permission android:name="android.permission.INTERNET" />
11-->src\main\AndroidManifest.xml:4:5-67
11-->src\main\AndroidManifest.xml:4:22-64
12
13    <!-- 🚨 Keep only the permissions used in your app 🚨 -->
14
15    <uses-permission android:name="android.permission.ACCEPT_HANDOVER" />
15-->src\main\AndroidManifest.xml:8:3-72
15-->src\main\AndroidManifest.xml:8:20-69
16    <uses-permission android:name="android.permission.ACCESS_BACKGROUND_LOCATION" />
16-->src\main\AndroidManifest.xml:9:3-83
16-->src\main\AndroidManifest.xml:9:20-80
17    <uses-permission android:name="android.permission.ACCESS_COARSE_LOCATION" />
17-->src\main\AndroidManifest.xml:10:3-79
17-->src\main\AndroidManifest.xml:10:20-76
18    <uses-permission android:name="android.permission.ACCESS_FINE_LOCATION" />
18-->src\main\AndroidManifest.xml:11:3-77
18-->src\main\AndroidManifest.xml:11:20-74
19    <uses-permission android:name="android.permission.ACTIVITY_RECOGNITION" />
19-->src\main\AndroidManifest.xml:12:3-77
19-->src\main\AndroidManifest.xml:12:20-74
20    <uses-permission android:name="android.permission.ANSWER_PHONE_CALLS" />
20-->src\main\AndroidManifest.xml:13:3-75
20-->src\main\AndroidManifest.xml:13:20-72
21    <uses-permission android:name="android.permission.BODY_SENSORS" />
21-->src\main\AndroidManifest.xml:14:3-69
21-->src\main\AndroidManifest.xml:14:20-66
22    <uses-permission android:name="android.permission.CALL_PHONE" />
22-->src\main\AndroidManifest.xml:15:3-67
22-->src\main\AndroidManifest.xml:15:20-64
23    <uses-permission android:name="android.permission.CAMERA" />
23-->src\main\AndroidManifest.xml:16:3-63
23-->src\main\AndroidManifest.xml:16:20-60
24    <uses-permission android:name="android.permission.GET_ACCOUNTS" />
24-->src\main\AndroidManifest.xml:17:3-69
24-->src\main\AndroidManifest.xml:17:20-66
25    <uses-permission android:name="android.permission.PROCESS_OUTGOING_CALLS" />
25-->src\main\AndroidManifest.xml:18:3-79
25-->src\main\AndroidManifest.xml:18:20-76
26    <uses-permission android:name="android.permission.READ_CALENDAR" />
26-->src\main\AndroidManifest.xml:19:3-70
26-->src\main\AndroidManifest.xml:19:20-67
27    <uses-permission android:name="android.permission.READ_CALL_LOG" />
27-->src\main\AndroidManifest.xml:20:3-70
27-->src\main\AndroidManifest.xml:20:20-67
28    <uses-permission android:name="android.permission.READ_CONTACTS" />
28-->src\main\AndroidManifest.xml:21:3-70
28-->src\main\AndroidManifest.xml:21:20-67
29    <uses-permission android:name="android.permission.READ_EXTERNAL_STORAGE" />
29-->src\main\AndroidManifest.xml:22:3-78
29-->src\main\AndroidManifest.xml:22:20-75
30    <uses-permission android:name="android.permission.READ_PHONE_NUMBERS" />
30-->src\main\AndroidManifest.xml:23:3-75
30-->src\main\AndroidManifest.xml:23:20-72
31    <uses-permission android:name="android.permission.READ_PHONE_STATE" />
31-->src\main\AndroidManifest.xml:24:3-73
31-->src\main\AndroidManifest.xml:24:20-70
32    <uses-permission android:name="android.permission.READ_SMS" />
32-->src\main\AndroidManifest.xml:25:3-65
32-->src\main\AndroidManifest.xml:25:20-62
33    <uses-permission android:name="android.permission.RECEIVE_MMS" />
33-->src\main\AndroidManifest.xml:26:3-68
33-->src\main\AndroidManifest.xml:26:20-65
34    <uses-permission android:name="android.permission.RECEIVE_SMS" />
34-->src\main\AndroidManifest.xml:27:3-68
34-->src\main\AndroidManifest.xml:27:20-65
35    <uses-permission android:name="android.permission.RECEIVE_WAP_PUSH" />
35-->src\main\AndroidManifest.xml:28:3-73
35-->src\main\AndroidManifest.xml:28:20-70
36    <uses-permission android:name="android.permission.RECORD_AUDIO" />
36-->src\main\AndroidManifest.xml:29:3-69
36-->src\main\AndroidManifest.xml:29:20-66
37    <uses-permission android:name="android.permission.SEND_SMS" />
37-->src\main\AndroidManifest.xml:30:3-65
37-->src\main\AndroidManifest.xml:30:20-62
38    <uses-permission android:name="android.permission.USE_SIP" />
38-->src\main\AndroidManifest.xml:31:3-64
38-->src\main\AndroidManifest.xml:31:20-61
39    <uses-permission android:name="android.permission.WRITE_CALENDAR" />
39-->src\main\AndroidManifest.xml:32:3-71
39-->src\main\AndroidManifest.xml:32:20-68
40    <uses-permission android:name="android.permission.WRITE_CALL_LOG" />
40-->src\main\AndroidManifest.xml:33:3-71
40-->src\main\AndroidManifest.xml:33:20-68
41    <uses-permission android:name="android.permission.WRITE_CONTACTS" />
41-->src\main\AndroidManifest.xml:34:3-71
41-->src\main\AndroidManifest.xml:34:20-68
42    <uses-permission android:name="android.permission.WRITE_EXTERNAL_STORAGE" />
42-->src\main\AndroidManifest.xml:35:3-79
42-->src\main\AndroidManifest.xml:35:20-76
43    <uses-permission android:name="com.android.voicemail.permission.ADD_VOICEMAIL" />
43-->src\main\AndroidManifest.xml:36:3-84
43-->src\main\AndroidManifest.xml:36:20-81
44    <uses-permission android:name="android.permission.WAKE_LOCK" />
44-->[:react-native-firebase_auth] AndroidManifest.xml:12:5-68
44-->[:react-native-firebase_auth] AndroidManifest.xml:12:22-65
45    <uses-permission android:name="android.permission.ACCESS_NETWORK_STATE" /> <!-- Required by older versions of Google Play services to create IID tokens -->
45-->[:react-native-firebase_auth] AndroidManifest.xml:13:5-79
45-->[:react-native-firebase_auth] AndroidManifest.xml:13:22-76
46    <uses-permission android:name="com.google.android.c2dm.permission.RECEIVE" />
46-->[com.google.firebase:firebase-iid:19.0.0] AndroidManifest.xml:26:5-82
46-->[com.google.firebase:firebase-iid:19.0.0] AndroidManifest.xml:26:22-79
47    <uses-permission android:name="com.google.android.finsky.permission.BIND_GET_INSTALL_REFERRER_SERVICE" /> <!-- … -->
47-->[com.google.android.gms:play-services-measurement:17.2.1] AndroidManifest.xml:26:5-110
47-->[com.google.android.gms:play-services-measurement:17.2.1] AndroidManifest.xml:26:22-107
48    <application
48-->src\main\AndroidManifest.xml:40:5-59:19
49        android:name="com.projeka.MainApplication"
49-->src\main\AndroidManifest.xml:41:7-38
50        android:allowBackup="false"
50-->src\main\AndroidManifest.xml:45:7-34
51        android:appComponentFactory="androidx.core.app.CoreComponentFactory"
51-->[androidx.core:core:1.1.0] AndroidManifest.xml:24:18-86
52        android:icon="@mipmap/ic_launcher"
52-->src\main\AndroidManifest.xml:43:7-41
53        android:label="@string/app_name"
53-->src\main\AndroidManifest.xml:42:7-39
54        android:roundIcon="@mipmap/ic_launcher_round"
54-->src\main\AndroidManifest.xml:44:7-52
55        android:theme="@style/AppTheme" >
55-->src\main\AndroidManifest.xml:46:7-38
56        <activity
56-->src\main\AndroidManifest.xml:47:7-57:18
57            android:name="com.projeka.MainActivity"
57-->src\main\AndroidManifest.xml:48:9-37
58            android:configChanges="keyboard|keyboardHidden|orientation|screenSize|uiMode"
58-->src\main\AndroidManifest.xml:50:9-86
59            android:label="@string/app_name"
59-->src\main\AndroidManifest.xml:49:9-41
60            android:launchMode="singleTask"
60-->src\main\AndroidManifest.xml:51:9-40
61            android:windowSoftInputMode="adjustResize" >
61-->src\main\AndroidManifest.xml:52:9-51
62            <intent-filter>
62-->src\main\AndroidManifest.xml:53:9-56:25
63                <action android:name="android.intent.action.MAIN" />
63-->src\main\AndroidManifest.xml:54:13-65
63-->src\main\AndroidManifest.xml:54:21-62
64
65                <category android:name="android.intent.category.LAUNCHER" />
65-->src\main\AndroidManifest.xml:55:13-73
65-->src\main\AndroidManifest.xml:55:23-70
66            </intent-filter>
67        </activity>
68        <activity android:name="com.facebook.react.devsupport.DevSettingsActivity" />
68-->src\main\AndroidManifest.xml:58:7-84
68-->src\main\AndroidManifest.xml:58:17-81
69
70        <provider
70-->[:react-native-image-picker] AndroidManifest.xml:10:9-18:20
71            android:name="com.imagepicker.FileProvider"
71-->[:react-native-image-picker] AndroidManifest.xml:11:13-56
72            android:authorities="com.projeka.provider"
72-->[:react-native-image-picker] AndroidManifest.xml:12:13-60
73            android:exported="false"
73-->[:react-native-image-picker] AndroidManifest.xml:13:13-37
74            android:grantUriPermissions="true" >
74-->[:react-native-image-picker] AndroidManifest.xml:14:13-47
75            <meta-data
75-->[:react-native-image-picker] AndroidManifest.xml:15:13-17:58
76                android:name="android.support.FILE_PROVIDER_PATHS"
76-->[:react-native-image-picker] AndroidManifest.xml:16:17-67
77                android:resource="@xml/provider_paths" />
77-->[:react-native-image-picker] AndroidManifest.xml:17:17-55
78        </provider>
79
80        <activity
80-->[com.google.firebase:firebase-auth:19.1.0] AndroidManifest.xml:24:9-31:50
81            android:name="com.google.firebase.auth.internal.FederatedSignInActivity"
81-->[com.google.firebase:firebase-auth:19.1.0] AndroidManifest.xml:25:13-85
82            android:excludeFromRecents="true"
82-->[com.google.firebase:firebase-auth:19.1.0] AndroidManifest.xml:26:13-46
83            android:exported="true"
83-->[com.google.firebase:firebase-auth:19.1.0] AndroidManifest.xml:27:13-36
84            android:launchMode="singleTask"
84-->[com.google.firebase:firebase-auth:19.1.0] AndroidManifest.xml:28:13-44
85            android:permission="com.google.firebase.auth.api.gms.permission.LAUNCH_FEDERATED_SIGN_IN"
85-->[com.google.firebase:firebase-auth:19.1.0] AndroidManifest.xml:29:13-102
86            android:theme="@android:style/Theme.Translucent.NoTitleBar" />
86-->[com.google.firebase:firebase-auth:19.1.0] AndroidManifest.xml:30:13-72
87
88        <service
88-->[com.google.firebase:firebase-auth:19.1.0] AndroidManifest.xml:33:9-39:19
89            android:name="com.google.firebase.components.ComponentDiscoveryService"
89-->[com.google.firebase:firebase-auth:19.1.0] AndroidManifest.xml:34:13-84
90            android:directBootAware="true"
90-->[com.google.firebase:firebase-common:19.2.0] AndroidManifest.xml:15:13-43
91            android:exported="false" >
91-->[com.google.firebase:firebase-auth:19.1.0] AndroidManifest.xml:35:13-37
92            <meta-data
92-->[com.google.firebase:firebase-auth:19.1.0] AndroidManifest.xml:36:13-38:85
93                android:name="com.google.firebase.components:com.google.firebase.auth.FirebaseAuthRegistrar"
93-->[com.google.firebase:firebase-auth:19.1.0] AndroidManifest.xml:37:17-109
94                android:value="com.google.firebase.components.ComponentRegistrar" />
94-->[com.google.firebase:firebase-auth:19.1.0] AndroidManifest.xml:38:17-82
95            <meta-data
95-->[com.google.firebase:firebase-database:19.2.0] AndroidManifest.xml:32:13-34:85
96                android:name="com.google.firebase.components:com.google.firebase.database.DatabaseRegistrar"
96-->[com.google.firebase:firebase-database:19.2.0] AndroidManifest.xml:33:17-109
97                android:value="com.google.firebase.components.ComponentRegistrar" />
97-->[com.google.firebase:firebase-database:19.2.0] AndroidManifest.xml:34:17-82
98            <meta-data
98-->[com.google.android.gms:play-services-measurement-api:17.2.1] AndroidManifest.xml:30:13-32:85
99                android:name="com.google.firebase.components:com.google.firebase.analytics.connector.internal.AnalyticsConnectorRegistrar"
99-->[com.google.android.gms:play-services-measurement-api:17.2.1] AndroidManifest.xml:31:17-139
100                android:value="com.google.firebase.components.ComponentRegistrar" />
100-->[com.google.android.gms:play-services-measurement-api:17.2.1] AndroidManifest.xml:32:17-82
101            <meta-data
101-->[com.google.firebase:firebase-iid:19.0.0] AndroidManifest.xml:32:13-34:85
102                android:name="com.google.firebase.components:com.google.firebase.iid.Registrar"
102-->[com.google.firebase:firebase-iid:19.0.0] AndroidManifest.xml:33:17-96
103                android:value="com.google.firebase.components.ComponentRegistrar" />
103-->[com.google.firebase:firebase-iid:19.0.0] AndroidManifest.xml:34:17-82
104        </service>
105
106        <receiver
106-->[com.google.firebase:firebase-iid:19.0.0] AndroidManifest.xml:37:9-44:20
107            android:name="com.google.firebase.iid.FirebaseInstanceIdReceiver"
107-->[com.google.firebase:firebase-iid:19.0.0] AndroidManifest.xml:38:13-78
108            android:exported="true"
108-->[com.google.firebase:firebase-iid:19.0.0] AndroidManifest.xml:39:13-36
109            android:permission="com.google.android.c2dm.permission.SEND" >
109-->[com.google.firebase:firebase-iid:19.0.0] AndroidManifest.xml:40:13-73
110            <intent-filter>
110-->[com.google.firebase:firebase-iid:19.0.0] AndroidManifest.xml:41:13-43:29
111                <action android:name="com.google.android.c2dm.intent.RECEIVE" />
111-->[com.google.firebase:firebase-iid:19.0.0] AndroidManifest.xml:42:17-81
111-->[com.google.firebase:firebase-iid:19.0.0] AndroidManifest.xml:42:25-78
112            </intent-filter>
113        </receiver>
114
115        <activity
115-->[com.google.android.gms:play-services-base:17.1.0] AndroidManifest.xml:23:9-26:75
116            android:name="com.google.android.gms.common.api.GoogleApiActivity"
116-->[com.google.android.gms:play-services-base:17.1.0] AndroidManifest.xml:24:13-79
117            android:exported="false"
117-->[com.google.android.gms:play-services-base:17.1.0] AndroidManifest.xml:25:13-37
118            android:theme="@android:style/Theme.Translucent.NoTitleBar" />
118-->[com.google.android.gms:play-services-base:17.1.0] AndroidManifest.xml:26:13-72
119
120        <provider
120-->[com.google.firebase:firebase-common:19.2.0] AndroidManifest.xml:19:9-23:39
121            android:name="com.google.firebase.provider.FirebaseInitProvider"
121-->[com.google.firebase:firebase-common:19.2.0] AndroidManifest.xml:20:13-77
122            android:authorities="com.projeka.firebaseinitprovider"
122-->[com.google.firebase:firebase-common:19.2.0] AndroidManifest.xml:21:13-72
123            android:exported="false"
123-->[com.google.firebase:firebase-common:19.2.0] AndroidManifest.xml:22:13-37
124            android:initOrder="100" />
124-->[com.google.firebase:firebase-common:19.2.0] AndroidManifest.xml:23:13-36
125
126        <receiver
126-->[com.google.android.gms:play-services-measurement:17.2.1] AndroidManifest.xml:29:9-33:20
127            android:name="com.google.android.gms.measurement.AppMeasurementReceiver"
127-->[com.google.android.gms:play-services-measurement:17.2.1] AndroidManifest.xml:30:13-85
128            android:enabled="true"
128-->[com.google.android.gms:play-services-measurement:17.2.1] AndroidManifest.xml:31:13-35
129            android:exported="false" >
129-->[com.google.android.gms:play-services-measurement:17.2.1] AndroidManifest.xml:32:13-37
130        </receiver>
131        <receiver
131-->[com.google.android.gms:play-services-measurement:17.2.1] AndroidManifest.xml:34:9-42:20
132            android:name="com.google.android.gms.measurement.AppMeasurementInstallReferrerReceiver"
132-->[com.google.android.gms:play-services-measurement:17.2.1] AndroidManifest.xml:35:13-100
133            android:enabled="true"
133-->[com.google.android.gms:play-services-measurement:17.2.1] AndroidManifest.xml:36:13-35
134            android:exported="true"
134-->[com.google.android.gms:play-services-measurement:17.2.1] AndroidManifest.xml:37:13-36
135            android:permission="android.permission.INSTALL_PACKAGES" >
135-->[com.google.android.gms:play-services-measurement:17.2.1] AndroidManifest.xml:38:13-69
136            <intent-filter>
136-->[com.google.android.gms:play-services-measurement:17.2.1] AndroidManifest.xml:39:13-41:29
137                <action android:name="com.android.vending.INSTALL_REFERRER" />
137-->[com.google.android.gms:play-services-measurement:17.2.1] AndroidManifest.xml:40:17-79
137-->[com.google.android.gms:play-services-measurement:17.2.1] AndroidManifest.xml:40:25-76
138            </intent-filter>
139        </receiver>
140
141        <service
141-->[com.google.android.gms:play-services-measurement:17.2.1] AndroidManifest.xml:44:9-47:40
142            android:name="com.google.android.gms.measurement.AppMeasurementService"
142-->[com.google.android.gms:play-services-measurement:17.2.1] AndroidManifest.xml:45:13-84
143            android:enabled="true"
143-->[com.google.android.gms:play-services-measurement:17.2.1] AndroidManifest.xml:46:13-35
144            android:exported="false" />
144-->[com.google.android.gms:play-services-measurement:17.2.1] AndroidManifest.xml:47:13-37
145        <service
145-->[com.google.android.gms:play-services-measurement:17.2.1] AndroidManifest.xml:48:9-52:72
146            android:name="com.google.android.gms.measurement.AppMeasurementJobService"
146-->[com.google.android.gms:play-services-measurement:17.2.1] AndroidManifest.xml:49:13-87
147            android:enabled="true"
147-->[com.google.android.gms:play-services-measurement:17.2.1] AndroidManifest.xml:50:13-35
148            android:exported="false"
148-->[com.google.android.gms:play-services-measurement:17.2.1] AndroidManifest.xml:51:13-37
149            android:permission="android.permission.BIND_JOB_SERVICE" />
149-->[com.google.android.gms:play-services-measurement:17.2.1] AndroidManifest.xml:52:13-69
150
151        <meta-data
151-->[com.google.android.gms:play-services-basement:17.0.0] AndroidManifest.xml:23:9-25:69
152            android:name="com.google.android.gms.version"
152-->[com.google.android.gms:play-services-basement:17.0.0] AndroidManifest.xml:24:13-58
153            android:value="@integer/google_play_services_version" />
153-->[com.google.android.gms:play-services-basement:17.0.0] AndroidManifest.xml:25:13-66
154    </application>
155
156</manifest>